Determining if the pthread_create exist failed with the following output:
Change Dir: /home/wb/ace/code/Studia/Semestr2/PARO/STL/STL/CMakeFiles/CMakeTmp

Run Build Command:"/usr/bin/make" "cmTC_f8177/fast"
/usr/bin/make -f CMakeFiles/cmTC_f8177.dir/build.make CMakeFiles/cmTC_f8177.dir/build
make[1]: Wejście do katalogu '/home/wb/ace/code/Studia/Semestr2/PARO/STL/STL/CMakeFiles/CMakeTmp'
Building C object CMakeFiles/cmTC_f8177.dir/CheckSymbolExists.c.o
/usr/bin/cc    -o CMakeFiles/cmTC_f8177.dir/CheckSymbolExists.c.o   -c /home/wb/ace/code/Studia/Semestr2/PARO/STL/STL/CMakeFiles/CMakeTmp/CheckSymbolExists.c
Linking C executable cmTC_f8177
/usr/bin/cmake -E cmake_link_script CMakeFiles/cmTC_f8177.dir/link.txt --verbose=1
/usr/bin/cc      -rdynamic CMakeFiles/cmTC_f8177.dir/CheckSymbolExists.c.o  -o cmTC_f8177 
CMakeFiles/cmTC_f8177.dir/CheckSymbolExists.c.o: In function `main':
CheckSymbolExists.c:(.text+0x16): undefined reference to `pthread_create'
collect2: error: ld returned 1 exit status
make[1]: *** [CMakeFiles/cmTC_f8177.dir/build.make:98: cmTC_f8177] Błąd 1
make[1]: Opuszczenie katalogu '/home/wb/ace/code/Studia/Semestr2/PARO/STL/STL/CMakeFiles/CMakeTmp'
make: *** [Makefile:126: cmTC_f8177/fast] Błąd 2

File /home/wb/ace/code/Studia/Semestr2/PARO/STL/STL/CMakeFiles/CMakeTmp/CheckSymbolExists.c:
/* */
#include <pthread.h>

int main(int argc, char** argv)
{
  (void)argv;
#ifndef pthread_create
  return ((int*)(&pthread_create))[argc];
#else
  (void)argc;
  return 0;
#endif
}

Determining if the function pthread_create exists in the pthreads failed with the following output:
Change Dir: /home/wb/ace/code/Studia/Semestr2/PARO/STL/STL/CMakeFiles/CMakeTmp

Run Build Command:"/usr/bin/make" "cmTC_28bad/fast"
/usr/bin/make -f CMakeFiles/cmTC_28bad.dir/build.make CMakeFiles/cmTC_28bad.dir/build
make[1]: Wejście do katalogu '/home/wb/ace/code/Studia/Semestr2/PARO/STL/STL/CMakeFiles/CMakeTmp'
Building C object CMakeFiles/cmTC_28bad.dir/CheckFunctionExists.c.o
/usr/bin/cc   -DCHECK_FUNCTION_EXISTS=pthread_create   -o CMakeFiles/cmTC_28bad.dir/CheckFunctionExists.c.o   -c /usr/share/cmake-3.8/Modules/CheckFunctionExists.c
Linking C executable cmTC_28bad
/usr/bin/cmake -E cmake_link_script CMakeFiles/cmTC_28bad.dir/link.txt --verbose=1
/usr/bin/cc  -DCHECK_FUNCTION_EXISTS=pthread_create    -rdynamic CMakeFiles/cmTC_28bad.dir/CheckFunctionExists.c.o  -o cmTC_28bad -lpthreads 
/usr/bin/ld: cannot find -lpthreads
collect2: error: ld returned 1 exit status
make[1]: *** [CMakeFiles/cmTC_28bad.dir/build.make:98: cmTC_28bad] Błąd 1
make[1]: Opuszczenie katalogu '/home/wb/ace/code/Studia/Semestr2/PARO/STL/STL/CMakeFiles/CMakeTmp'
make: *** [Makefile:126: cmTC_28bad/fast] Błąd 2


